ParseStarterProject/build/outputs/mapping/release/seeds.txt
com.krealid.starter.AboutActivity
com.krealid.starter.AboutActivity: com.flipboard.bottomsheet.BottomSheetLayout bottomSheetLayout
com.krealid.starter.AboutActivity: android.support.v7.widget.Toolbar mToolbar
com.krealid.starter.AboutActivity: AboutActivity()
com.krealid.starter.AboutActivity: void onClickFAB()
com.krealid.starter.AboutActivity_ViewBinding
com.krealid.starter.AboutActivity_ViewBinding: AboutActivity_ViewBinding(com.krealid.starter.AboutActivity,android.view.View)
com.krealid.starter.AboutEvangileActivity
com.krealid.starter.AboutEvangileActivity: android.support.v7.widget.Toolbar mToolbar
com.krealid.starter.AboutEvangileActivity: com.bluejamesbond.text.DocumentView textAbout
com.krealid.starter.AboutEvangileActivity: AboutEvangileActivity()
com.krealid.starter.AboutEvangileActivity: void openWebsite()
com.krealid.starter.AboutEvangileActivity_ViewBinding
com.krealid.starter.AboutEvangileActivity_ViewBinding: AboutEvangileActivity_ViewBinding(com.krealid.starter.AboutEvangileActivity,android.view.View)
com.krealid.starter.ActuActivity
com.krealid.starter.ActuActivity: com.flipboard.bottomsheet.BottomSheetLayout bottomSheetLayout
com.krealid.starter.ActuActivity: android.widget.TextView articleTitle
com.krealid.starter.ActuActivity: android.support.v7.widget.RecyclerView recyclerView
com.krealid.starter.ActuActivity: android.support.design.widget.CoordinatorLayout coordinatorLayout
com.krealid.starter.ActuActivity: android.support.design.widget.AppBarLayout appBarLayout
com.krealid.starter.ActuActivity: android.support.v7.widget.Toolbar mToolbar
com.krealid.starter.ActuActivity: ActuActivity()
com.krealid.starter.ActuActivity: void share()
com.krealid.starter.ActuActivity_ViewBinding
com.krealid.starter.ActuActivity_ViewBinding: ActuActivity_ViewBinding(com.krealid.starter.ActuActivity,android.view.View)
com.krealid.starter.ChoiceActivity
com.krealid.starter.ChoiceActivity: ChoiceActivity()
com.krealid.starter.ChoiceActivity: void plusButton()
com.krealid.starter.ChoiceActivity: void useLessButton()
com.krealid.starter.ChoiceActivity: void mouvementsButton()
com.krealid.starter.ChoiceActivity: void horairesButton()
com.krealid.starter.ChoiceActivity: void newsButton()
com.krealid.starter.ChoiceActivity: void evangileButton()
com.krealid.starter.ChoiceActivity_ViewBinding
com.krealid.starter.ChoiceActivity_ViewBinding: ChoiceActivity_ViewBinding(com.krealid.starter.ChoiceActivity,android.view.View)
com.krealid.starter.HorairesActivity
com.krealid.starter.HorairesActivity: android.support.v7.widget.Toolbar mToolbar
com.krealid.starter.HorairesActivity: android.support.v7.widget.RecyclerView recyclerView
com.krealid.starter.HorairesActivity: HorairesActivity()
com.krealid.starter.HorairesActivity_ViewBinding
com.krealid.starter.HorairesActivity_ViewBinding: HorairesActivity_ViewBinding(com.krealid.starter.HorairesActivity,android.view.View)
com.krealid.starter.ListingActivity
com.krealid.starter.ListingActivity: android.support.v7.widget.Toolbar mToolbar
com.krealid.starter.ListingActivity: android.support.v7.widget.RecyclerView recyclerView
com.krealid.starter.ListingActivity: ListingActivity()
com.krealid.starter.ListingActivity_ViewBinding
com.krealid.starter.ListingActivity_ViewBinding: ListingActivity_ViewBinding(com.krealid.starter.ListingActivity,android.view.View)
com.krealid.starter.MainActivity
com.krealid.starter.MainActivity: MainActivity()
...
android.support.v4.widget.NestedScrollView
android.support.v4.widget.NestedScrollView: NestedScrollView(android.content.Context)
android.support.v4.widget.NestedScrollView: NestedScrollView(android.content.Context,android.util.AttributeSet)
android.support.v4.widget.NestedScrollView: NestedScrollView(android.content.Context,android.util.AttributeSet,int)
android.support.v4.widget.NestedScrollView: void setNestedScrollingEnabled(boolean)
android.support.v4.widget.NestedScrollView: int getNestedScrollAxes()
android.support.v4.widget.NestedScrollView: float getTopFadingEdgeStrength()
android.support.v4.widget.NestedScrollView: float getBottomFadingEdgeStrength()
android.support.v4.widget.NestedScrollView: int getMaxScrollAmount()
android.support.v4.widget.NestedScrollView: void setOnScrollChangeListener(android.support.v4.widget.NestedScrollView$OnScrollChangeListener)
android.support.v4.widget.NestedScrollView: void setFillViewport(boolean)
android.support.v4.widget.NestedScrollView: void setSmoothScrollingEnabled(boolean)
android.support.v4.widget.NestedScrollView: float getVerticalScrollFactorCompat()
android.support.v4.widget.NestedScrollView: int getScrollRange()
android.support.v4.widget.NestedScrollView$SavedState
android.support.v4.widget.NestedScrollView$SavedState: android.os.Parcelable$Creator CREATOR
android.support.v4.widget.SlidingPaneLayout: void setParallaxDistance(int)
android.support.v4.widget.SlidingPaneLayout: int getParallaxDistance()
android.support.v4.widget.SlidingPaneLayout: void setSliderFadeColor(int)
android.support.v4.widget.SlidingPaneLayout: int getSliderFadeColor()
android.support.v4.widget.SlidingPaneLayout: void setCoveredFadeColor(int)
android.support.v4.widget.SlidingPaneLayout: int getCoveredFadeColor()
android.support.v4.widget.SlidingPaneLayout: void setPanelSlideListener(android.support.v4.widget.SlidingPaneLayout$PanelSlideListener)
android.support.v4.widget.SlidingPaneLayout: void setShadowDrawable(android.graphics.drawable.Drawable)
android.support.v4.widget.SlidingPaneLayout: void setShadowDrawableLeft(android.graphics.drawable.Drawable)
android.support.v4.widget.SlidingPaneLayout: void setShadowDrawableRight(android.graphics.drawable.Drawable)
android.support.v4.widget.SlidingPaneLayout: void setShadowResource(int)
android.support.v4.widget.SlidingPaneLayout: void setShadowResourceLeft(int)
android.support.v4.widget.SlidingPaneLayout: void setShadowResourceRight(int)
android.support.v4.widget.SlidingPaneLayout$SavedState
android.support.v4.widget.SlidingPaneLayout$SavedState: android.os.Parcelable$Creator CREATOR
android.support.v4.widget.Space
android.support.v4.widget.Space: Space(android.content.Context,android.util.AttributeSet,int)
android.support.v4.widget.Space: Space(android.content.Context,android.util.AttributeSet)
android.support.v4.widget.Space: Space(android.content.Context)