ParseStarterProject/build/outputs/mapping/release/mapping.txt
com.krealid.starter.AboutActivity -> com.krealid.starter.AboutActivity:
    com.flipboard.bottomsheet.BottomSheetLayout bottomSheetLayout -> bottomSheetLayout
    android.support.v7.widget.Toolbar mToolbar -> mToolbar
    void <init>() -> <init>
    void onCreate(android.os.Bundle) -> onCreate
    void onClickFAB() -> onClickFAB
com.krealid.starter.AboutActivity$1 -> com.krealid.starter.AboutActivity$1:
    com.krealid.starter.AboutActivity this$0 -> a
    void <init>(com.krealid.starter.AboutActivity) -> <init>
    void onClick(android.view.View) -> onClick
com.krealid.starter.AboutActivity$2 -> com.krealid.starter.AboutActivity$2:
    android.content.Intent val$emailIntent -> a
    com.krealid.starter.AboutActivity this$0 -> b
    void <init>(com.krealid.starter.AboutActivity,android.content.Intent) -> <init>
    void onIntentPicked(com.flipboard.bottomsheet.commons.IntentPickerSheetView$ActivityInfo) -> a
com.krealid.starter.AboutActivity$3 -> com.krealid.starter.AboutActivity$3:
    com.krealid.starter.AboutActivity this$0 -> a
    void <init>(com.krealid.starter.AboutActivity) -> <init>
    int compare(com.flipboard.bottomsheet.commons.IntentPickerSheetView$ActivityInfo,com.flipboard.bottomsheet.commons.IntentPickerSheetView$ActivityInfo) -> a
    int compare(java.lang.Object,java.lang.Object) -> compare
com.krealid.starter.AboutActivity_ViewBinding -> com.krealid.starter.AboutActivity_ViewBinding:
    com.krealid.starter.AboutActivity target -> b
    android.view.View view2131558540 -> c
    void <init>(com.krealid.starter.AboutActivity,android.view.View) -> <init>
com.krealid.starter.AboutActivity_ViewBinding$1 -> com.krealid.starter.AboutActivity_ViewBinding$1:
    com.krealid.starter.AboutActivity val$target -> b
    com.krealid.starter.AboutActivity_ViewBinding this$0 -> c
    void <init>(com.krealid.starter.AboutActivity_ViewBinding,com.krealid.starter.AboutActivity) -> <init>
    void doClick(android.view.View) -> a
com.krealid.starter.AboutEvangileActivity -> com.krealid.starter.AboutEvangileActivity:
    android.support.v7.widget.Toolbar mToolbar -> mToolbar
    com.bluejamesbond.text.DocumentView textAbout -> textAbout
    void <init>() -> <init>
    void onCreate(android.os.Bundle) -> onCreate
    void openWebsite() -> openWebsite
com.krealid.starter.AboutEvangileActivity$1 -> com.krealid.starter.AboutEvangileActivity$1:
    com.krealid.starter.AboutEvangileActivity this$0 -> a
    void <init>(com.krealid.starter.AboutEvangileActivity) -> <init>
    void onClick(android.view.View) -> onClick
com.krealid.starter.AboutEvangileActivity_ViewBinding -> com.krealid.starter.AboutEvangileActivity_ViewBinding:
    com.krealid.starter.AboutEvangileActivity target -> b
    android.view.View view2131558540 -> c
    void <init>(com.krealid.starter.AboutEvangileActivity,android.view.View) -> <init>
com.krealid.starter.AboutEvangileActivity_ViewBinding$1 -> com.krealid.starter.AboutEvangileActivity_ViewBinding$1:
    com.krealid.starter.AboutEvangileActivity val$target -> b
    com.krealid.starter.AboutEvangileActivity_ViewBinding this$0 -> c
    void <init>(com.krealid.starter.AboutEvangileActivity_ViewBinding,com.krealid.starter.AboutEvangileActivity) -> <init>
    void doClick(android.view.View) -> a
com.krealid.starter.ActuActivity -> com.krealid.starter.ActuActivity:
    com.flipboard.bottomsheet.BottomSheetLayout bottomSheetLayout -> bottomSheetLayout
    android.widget.TextView articleTitle -> articleTitle
    android.support.v7.widget.RecyclerView recyclerView -> recyclerView
    android.support.design.widget.CoordinatorLayout coordinatorLayout -> coordinatorLayout
    android.support.design.widget.AppBarLayout appBarLayout -> appBarLayout
    android.support.v7.widget.Toolbar mToolbar -> mToolbar
    com.krealid.starter.rss.RssItem article -> m
    void <init>() -> <init>
    void onCreate(android.os.Bundle) -> onCreate
    void onDestroy() -> onDestroy
    void share() -> share
...
android.support.annotation.Keep -> android.support.annotation.Keep:
android.support.design.R -> android.support.design.a:
android.support.design.R$anim -> android.support.design.a$a:
    int abc_fade_in -> abc_fade_in
    int abc_fade_out -> abc_fade_out
    int abc_grow_fade_in_from_bottom -> abc_grow_fade_in_from_bottom
    int abc_popup_enter -> abc_popup_enter
    int abc_popup_exit -> abc_popup_exit
    int abc_shrink_fade_out_from_bottom -> abc_shrink_fade_out_from_bottom
    int abc_slide_in_bottom -> abc_slide_in_bottom
    int abc_slide_in_top -> abc_slide_in_top
    int abc_slide_out_bottom -> abc_slide_out_bottom
    int abc_slide_out_top -> abc_slide_out_top
    int design_appbar_state_list_animator -> design_appbar_state_list_animator
    int design_bottom_sheet_slide_in -> design_bottom_sheet_slide_in
    int design_bottom_sheet_slide_out -> design_bottom_sheet_slide_out
    int design_fab_in -> design_fab_in
    int design_fab_out -> design_fab_out
    int design_snackbar_in -> design_snackbar_in
    int design_snackbar_out -> design_snackbar_out
android.support.design.R$attr -> android.support.design.a$b:
    int actionBarDivider -> actionBarDivider
    int actionBarItemBackground -> actionBarItemBackground
    int actionBarPopupTheme -> actionBarPopupTheme
    int actionBarSize -> actionBarSize
    int actionBarSplitStyle -> actionBarSplitStyle
    int actionBarStyle -> actionBarStyle
    int actionBarTabBarStyle -> actionBarTabBarStyle
    int actionBarTabStyle -> actionBarTabStyle
    int actionBarTabTextStyle -> actionBarTabTextStyle
    int actionBarTheme -> actionBarTheme
    int actionBarWidgetTheme -> actionBarWidgetTheme
    int actionButtonStyle -> actionButtonStyle
    int actionDropDownStyle -> actionDropDownStyle
    int actionLayout -> actionLayout
    int actionMenuTextAppearance -> actionMenuTextAppearance
    int actionMenuTextColor -> actionMenuTextColor
    int actionModeBackground -> actionModeBackground
    int actionModeCloseButtonStyle -> actionModeCloseButtonStyle
    int actionModeCloseDrawable -> actionModeCloseDrawable
    int actionModeCopyDrawable -> actionModeCopyDrawable
    int actionModeCutDrawable -> actionModeCutDrawable
    int actionModeFindDrawable -> actionModeFindDrawable
    int actionModePasteDrawable -> actionModePasteDrawable
    int actionModePopupWindowStyle -> actionModePopupWindowStyle
    int actionModeSelectAllDrawable -> actionModeSelectAllDrawable
    int actionModeShareDrawable -> actionModeShareDrawable