ParseStarterProject/build/outputs/mapping/release/usage.txt
com.krealid.starter.AboutActivity_ViewBinding:
    40:50:public void unbind()
com.krealid.starter.AboutEvangileActivity_ViewBinding:
    40:50:public void unbind()
com.krealid.starter.ActuActivity_ViewBinding:
    48:62:public void unbind()
com.krealid.starter.BuildConfig
com.krealid.starter.ChoiceActivity_ViewBinding:
    86:102:public void unbind()
com.krealid.starter.HorairesActivity_ViewBinding:
    28:35:public void unbind()
com.krealid.starter.ListingActivity_ViewBinding:
    28:35:public void unbind()
com.krealid.starter.Manifest
com.krealid.starter.Manifest$permission
com.krealid.starter.R
com.krealid.starter.R$anim
com.krealid.starter.R$array
com.krealid.starter.R$attr
com.krealid.starter.R$bool
com.krealid.starter.R$color
com.krealid.starter.R$dimen
com.krealid.starter.R$drawable
com.krealid.starter.R$id
com.krealid.starter.R$integer
com.krealid.starter.R$layout
com.krealid.starter.R$menu
com.krealid.starter.R$mipmap
com.krealid.starter.R$string
com.krealid.starter.R$style
com.krealid.starter.R$styleable
com.krealid.starter.adapters.ContactAdapter:
    private static final java.lang.String alphabet
com.krealid.starter.adapters.HeaderHorairesAdapter$ViewHolder_ViewBinding:
    32:41:public void unbind()
com.krealid.starter.adapters.NewsAdapter$ViewHolder_ViewBinding:
    33:42:public void unbind()
com.krealid.starter.contact.Contact:
    32:33:public void setForWhat(java.lang.String)
    40:41:public void setName(java.lang.String)
    44:44:public java.lang.String getEmail()
    48:49:public void setEmail(java.lang.String)
    56:57:public void setJob(java.lang.String)
...
com.google.android.gms.internal.zzaqs
com.google.android.gms.internal.zzars:
    public long bZ()
    public void zza(com.google.android.gms.internal.zzasa,int)
    public byte[] readBytes()
    public int cb()
    public long cc()
    public static int zzags(int)
    public static long zzct(long)
    public byte[] zzae(int,int)
com.google.android.gms.internal.zzart:
    public void zzc(int,long)
    public void zzb(int,byte[])
    public void zzag(int,int)
    public void zzd(int,long)
    public void zzcw(long)
    public void zzb(com.google.android.gms.internal.zzasa)
    public void zzbf(byte[])
    public void zzagy(int)
    public void zzcx(long)
    public static int zze(int,long)
    public static int zzg(int,long)
    public static int zzb(int,com.google.android.gms.internal.zzasa)
    public static int zzc(int,byte[])
    public static int zzai(int,int)
    public static int zzh(int,long)
    public static int zzd(com.google.android.gms.internal.zzasa)
    public static int zzbg(byte[])
    public static int zzaha(int)
    public static int zzda(long)
    public void zzbh(byte[])
    public void zzd(byte[],int,int)
    public static int zzahg(int)
    public static long zzde(long)
com.google.android.gms.internal.zzaru
com.google.android.gms.internal.zzarv
com.google.android.gms.internal.zzarw
com.google.android.gms.internal.zzarx
com.google.android.gms.internal.zzary:
    public static boolean equals(int[],int[])
    public static boolean equals(float[],float[])
    public static boolean zza(byte[][],byte[][])
    public static int hashCode(int[])
    public static int hashCode(float[])
    public static int zzb(byte[][])
    public static void zza(com.google.android.gms.internal.zzaru,com.google.android.gms.internal.zzaru)
com.google.android.gms.internal.zzasa:
    public static final byte[] zzf(com.google.android.gms.internal.zzasa)
    public static final void zza(com.google.android.gms.internal.zzasa,byte[],int,int)
    public static final com.google.android.gms.internal.zzasa zza(com.google.android.gms.internal.zzasa,byte[])
    public static final com.google.android.gms.internal.zzasa zzb(com.google.android.gms.internal.zzasa,byte[],int,int)
com.google.android.gms.internal.zzasc
com.google.android.gms.internal.zzb
com.google.android.gms.internal.zzb$zza
com.google.android.gms.internal.zzc
com.google.android.gms.internal.zzc$1
com.google.android.gms.internal.zzd
com.google.android.gms.internal.zze
com.google.android.gms.internal.zze$1
com.google.android.gms.internal.zze$zza
com.google.android.gms.internal.zzf
com.google.android.gms.internal.zzg
com.google.android.gms.internal.zzh
com.google.android.gms.internal.zzi
com.google.android.gms.internal.zzj
com.google.android.gms.internal.zzk
com.google.android.gms.internal.zzk$1
com.google.android.gms.internal.zzk$zza
com.google.android.gms.internal.zzl
com.google.android.gms.internal.zzl$zza
com.google.android.gms.internal.zzm
com.google.android.gms.internal.zzm$zza
com.google.android.gms.internal.zzm$zzb
com.google.android.gms.internal.zzn
com.google.android.gms.internal.zzo
com.google.android.gms.internal.zzp
com.google.android.gms.internal.zzq
com.google.android.gms.internal.zzr
com.google.android.gms.internal.zzrn
com.google.android.gms.internal.zzro
com.google.android.gms.internal.zzrp
com.google.android.gms.internal.zzrq
com.google.android.gms.internal.zzrq$1
com.google.android.gms.internal.zzs
com.google.android.gms.internal.zzs$zza
com.google.android.gms.internal.zzs$zza$zza
com.google.android.gms.internal.zzsb
com.google.android.gms.internal.zzsd
com.google.android.gms.internal.zzsd$1
com.google.android.gms.internal.zzsi:
    public static com.google.android.gms.internal.zzsi zza(java.lang.String,java.lang.Float)
com.google.android.gms.internal.zzsi$4
com.google.android.gms.internal.zzsi$zza:
    public abstract java.lang.Float zzb(java.lang.String,java.lang.Float)
com.google.android.gms.internal.zzsu
com.google.android.gms.internal.zzsv